2026-04-20 13:17:04 [INFO] c.c.backend.BackendApplication - Starting BackendApplication using Java 21.0.10 with PID 29984 (C:\Users\vacla\OneDrive\Dokumenty\StinProjekt\backend\target\classes started by vacla in C:\Users\vacla\OneDrive\Dokumenty\StinProjekt\backend)
2026-04-20 13:17:04 [DEBUG] c.c.backend.BackendApplication - Running with Spring Boot v4.0.5, Spring v7.0.6
2026-04-20 13:17:04 [INFO] c.c.backend.BackendApplication - No active profile set, falling back to 1 default profile: "default"
2026-04-20 13:17:05 [INFO] o.s.b.d.e.DevToolsPropertyDefaultsPostProcessor - Devtools property defaults active! Set 'spring.devtools.add-properties' to 'false' to disable
2026-04-20 13:17:05 [INFO] o.s.b.d.e.DevToolsPropertyDefaultsPostProcessor - For additional web related logging consider setting the 'logging.level.web' property to 'DEBUG'
2026-04-20 13:17:08 [INFO] o.s.boot.tomcat.TomcatWebServer - Tomcat initialized with port 8080 (http)
2026-04-20 13:17:08 [INFO] o.a.catalina.core.StandardService - Starting service [Tomcat]
2026-04-20 13:17:08 [INFO] o.a.catalina.core.StandardEngine - Starting Servlet engine: [Apache Tomcat/11.0.20]
2026-04-20 13:17:08 [INFO] o.s.b.w.c.s.WebApplicationContextInitializer - Root WebApplicationContext: initialization completed in 3625 ms
2026-04-20 13:17:10 [INFO] o.s.s.c.a.a.c.InitializeUserDetailsBeanManagerConfigurer$InitializeUserDetailsManagerConfigurer - Global AuthenticationManager configured with UserDetailsService bean with name inMemoryUserDetailsManager
2026-04-20 13:17:12 [INFO] o.s.b.a.e.web.EndpointLinksResolver - Exposing 1 endpoint beneath base path '/actuator'
2026-04-20 13:17:12 [INFO] o.s.boot.tomcat.TomcatWebServer - Tomcat started on port 8080 (http) with context path '/'
2026-04-20 13:17:12 [INFO] c.c.backend.BackendApplication - Started BackendApplication in 8.772 seconds (process running for 10.317)
2026-04-20 13:17:12 [INFO] o.a.c.c.C.[Tomcat].[localhost].[/] - Initializing Spring DispatcherServlet 'dispatcherServlet'
2026-04-20 13:17:12 [INFO] o.s.web.servlet.DispatcherServlet - Initializing Servlet 'dispatcherServlet'
2026-04-20 13:17:12 [INFO] o.s.web.servlet.DispatcherServlet - Completed initialization in 5 ms
2026-04-20 13:58:59 [INFO] o.s.b.d.a.LocalDevToolsAutoConfiguration$RestartingClassPathChangeChangedEventListener - Restarting due to 1 class path change (0 additions, 0 deletions, 1 modification)
2026-04-20 13:58:59 [INFO] o.s.boot.tomcat.GracefulShutdown - Commencing graceful shutdown. Waiting for active requests to complete
2026-04-20 13:59:00 [INFO] o.s.boot.tomcat.GracefulShutdown - Graceful shutdown complete
2026-04-20 13:59:00 [INFO] c.c.backend.BackendApplication - Starting BackendApplication using Java 21.0.10 with PID 29984 (C:\Users\vacla\OneDrive\Dokumenty\StinProjekt\backend\target\classes started by vacla in C:\Users\vacla\OneDrive\Dokumenty\StinProjekt\backend)
2026-04-20 13:59:00 [DEBUG] c.c.backend.BackendApplication - Running with Spring Boot v4.0.5, Spring v7.0.6
2026-04-20 13:59:00 [INFO] c.c.backend.BackendApplication - No active profile set, falling back to 1 default profile: "default"
2026-04-20 13:59:02 [INFO] o.s.boot.tomcat.TomcatWebServer - Tomcat initialized with port 8080 (http)
2026-04-20 13:59:02 [INFO] o.a.catalina.core.StandardService - Starting service [Tomcat]
2026-04-20 13:59:02 [INFO] o.a.catalina.core.StandardEngine - Starting Servlet engine: [Apache Tomcat/11.0.20]
2026-04-20 13:59:02 [INFO] o.s.b.w.c.s.WebApplicationContextInitializer - Root WebApplicationContext: initialization completed in 1471 ms
2026-04-20 13:59:02 [INFO] o.s.s.c.a.a.c.InitializeUserDetailsBeanManagerConfigurer$InitializeUserDetailsManagerConfigurer - Global AuthenticationManager configured with UserDetailsService bean with name inMemoryUserDetailsManager
2026-04-20 13:59:03 [INFO] o.s.b.a.e.web.EndpointLinksResolver - Exposing 1 endpoint beneath base path '/actuator'
2026-04-20 13:59:03 [INFO] o.s.boot.tomcat.TomcatWebServer - Tomcat started on port 8080 (http) with context path '/'
2026-04-20 13:59:03 [INFO] c.c.backend.BackendApplication - Started BackendApplication in 2.532 seconds (process running for 2520.928)
2026-04-20 13:59:03 [INFO] o.s.b.d.a.ConditionEvaluationDeltaLoggingListener - Condition evaluation delta:

2026-04-20 15:11:24 [INFO] c.c.backend.BackendApplication - Starting BackendApplication using Java 21.0.10 with PID 23172 (C:\Users\vacla\OneDrive\Dokumenty\StinProjekt\backend\target\classes started by vacla in C:\Users\vacla\OneDrive\Dokumenty\StinProjekt\backend)
2026-04-20 15:11:24 [DEBUG] c.c.backend.BackendApplication - Running with Spring Boot v4.0.5, Spring v7.0.6
2026-04-20 15:11:24 [INFO] c.c.backend.BackendApplication - No active profile set, falling back to 1 default profile: "default"
2026-04-20 15:11:24 [INFO] o.s.b.d.e.DevToolsPropertyDefaultsPostProcessor - Devtools property defaults active! Set 'spring.devtools.add-properties' to 'false' to disable
2026-04-20 15:11:24 [INFO] o.s.b.d.e.DevToolsPropertyDefaultsPostProcessor - For additional web related logging consider setting the 'logging.level.web' property to 'DEBUG'
2026-04-20 15:11:27 [INFO] o.s.boot.tomcat.TomcatWebServer - Tomcat initialized with port 8080 (http)
2026-04-20 15:11:27 [INFO] o.a.catalina.core.StandardService - Starting service [Tomcat]
2026-04-20 15:11:27 [INFO] o.a.catalina.core.StandardEngine - Starting Servlet engine: [Apache Tomcat/11.0.20]
2026-04-20 15:11:27 [INFO] o.s.b.w.c.s.WebApplicationContextInitializer - Root WebApplicationContext: initialization completed in 3124 ms
2026-04-20 15:11:28 [INFO] o.s.s.c.a.a.c.InitializeUserDetailsBeanManagerConfigurer$InitializeUserDetailsManagerConfigurer - Global AuthenticationManager configured with UserDetailsService bean with name inMemoryUserDetailsManager
2026-04-20 15:11:29 [INFO] o.s.b.w.a.WelcomePageHandlerMapping - Adding welcome page: class path resource [static/index.html]
2026-04-20 15:11:30 [INFO] o.s.b.a.e.web.EndpointLinksResolver - Exposing 1 endpoint beneath base path '/actuator'
2026-04-20 15:11:30 [INFO] o.s.boot.tomcat.TomcatWebServer - Tomcat started on port 8080 (http) with context path '/'
2026-04-20 15:11:30 [INFO] c.c.backend.BackendApplication - Started BackendApplication in 6.998 seconds (process running for 9.327)
2026-04-20 15:11:30 [INFO] o.a.c.c.C.[Tomcat].[localhost].[/] - Initializing Spring DispatcherServlet 'dispatcherServlet'
2026-04-20 15:11:30 [INFO] o.s.web.servlet.DispatcherServlet - Initializing Servlet 'dispatcherServlet'
2026-04-20 15:11:30 [INFO] o.s.web.servlet.DispatcherServlet - Completed initialization in 2 ms
2026-04-20 15:11:36 [INFO] c.c.backend.service.RatesService - Settings not found when fetching latest rates
2026-04-20 15:11:36 [INFO] c.c.backend.service.RatesService - Settings not found when fetching latest rates
2026-04-20 15:11:36 [INFO] c.c.backend.service.RatesService - Settings not found when fetching latest rates
2026-04-20 15:11:36 [WARN] o.s.w.s.m.m.a.ExceptionHandlerExceptionResolver - Resolved [com.currencyapp.backend.exception.SettingsNotFoundException: Settings not found. Please configure your settings first via POST /api/settings]
2026-04-20 15:11:36 [WARN] o.s.w.s.m.m.a.ExceptionHandlerExceptionResolver - Resolved [com.currencyapp.backend.exception.SettingsNotFoundException: Settings not found. Please configure your settings first via POST /api/settings]
2026-04-20 15:11:36 [WARN] o.s.w.s.m.m.a.ExceptionHandlerExceptionResolver - Resolved [com.currencyapp.backend.exception.SettingsNotFoundException: Settings not found. Please configure your settings first via POST /api/settings]
2026-04-20 15:12:01 [INFO] c.c.backend.service.RatesService - Settings not found when fetching latest rates
2026-04-20 15:12:01 [INFO] c.c.backend.service.RatesService - Settings not found when fetching latest rates
2026-04-20 15:12:01 [INFO] c.c.backend.service.RatesService - Settings not found when fetching latest rates
2026-04-20 15:12:01 [WARN] o.s.w.s.m.m.a.ExceptionHandlerExceptionResolver - Resolved [com.currencyapp.backend.exception.SettingsNotFoundException: Settings not found. Please configure your settings first via POST /api/settings]
2026-04-20 15:12:01 [WARN] o.s.w.s.m.m.a.ExceptionHandlerExceptionResolver - Resolved [com.currencyapp.backend.exception.SettingsNotFoundException: Settings not found. Please configure your settings first via POST /api/settings]
2026-04-20 15:12:01 [WARN] o.s.w.s.m.m.a.ExceptionHandlerExceptionResolver - Resolved [com.currencyapp.backend.exception.SettingsNotFoundException: Settings not found. Please configure your settings first via POST /api/settings]
2026-04-20 15:12:04 [INFO] c.c.backend.service.RatesService - Settings not found when fetching latest rates
2026-04-20 15:12:04 [INFO] c.c.backend.service.RatesService - Settings not found when fetching latest rates
2026-04-20 15:12:04 [INFO] c.c.backend.service.RatesService - Settings not found when fetching latest rates
2026-04-20 15:12:04 [WARN] o.s.w.s.m.m.a.ExceptionHandlerExceptionResolver - Resolved [com.currencyapp.backend.exception.SettingsNotFoundException: Settings not found. Please configure your settings first via POST /api/settings]
2026-04-20 15:12:04 [WARN] o.s.w.s.m.m.a.ExceptionHandlerExceptionResolver - Resolved [com.currencyapp.backend.exception.SettingsNotFoundException: Settings not found. Please configure your settings first via POST /api/settings]
2026-04-20 15:12:04 [WARN] o.s.w.s.m.m.a.ExceptionHandlerExceptionResolver - Resolved [com.currencyapp.backend.exception.SettingsNotFoundException: Settings not found. Please configure your settings first via POST /api/settings]
2026-04-20 15:12:05 [INFO] c.c.backend.service.RatesService - Settings not found when fetching latest rates
2026-04-20 15:12:05 [INFO] c.c.backend.service.RatesService - Settings not found when fetching latest rates
2026-04-20 15:12:05 [WARN] o.s.w.s.m.m.a.ExceptionHandlerExceptionResolver - Resolved [com.currencyapp.backend.exception.SettingsNotFoundException: Settings not found. Please configure your settings first via POST /api/settings]
2026-04-20 15:12:05 [WARN] o.s.w.s.m.m.a.ExceptionHandlerExceptionResolver - Resolved [com.currencyapp.backend.exception.SettingsNotFoundException: Settings not found. Please configure your settings first via POST /api/settings]
2026-04-20 15:12:05 [INFO] c.c.backend.service.RatesService - Settings not found when fetching latest rates
2026-04-20 15:12:05 [WARN] o.s.w.s.m.m.a.ExceptionHandlerExceptionResolver - Resolved [com.currencyapp.backend.exception.SettingsNotFoundException: Settings not found. Please configure your settings first via POST /api/settings]
2026-04-20 15:12:05 [INFO] c.c.backend.service.RatesService - Settings not found when fetching latest rates
2026-04-20 15:12:05 [INFO] c.c.backend.service.RatesService - Settings not found when fetching latest rates
2026-04-20 15:12:05 [INFO] c.c.backend.service.RatesService - Settings not found when fetching latest rates
2026-04-20 15:12:05 [WARN] o.s.w.s.m.m.a.ExceptionHandlerExceptionResolver - Resolved [com.currencyapp.backend.exception.SettingsNotFoundException: Settings not found. Please configure your settings first via POST /api/settings]
2026-04-20 15:12:05 [WARN] o.s.w.s.m.m.a.ExceptionHandlerExceptionResolver - Resolved [com.currencyapp.backend.exception.SettingsNotFoundException: Settings not found. Please configure your settings first via POST /api/settings]
2026-04-20 15:12:05 [WARN] o.s.w.s.m.m.a.ExceptionHandlerExceptionResolver - Resolved [com.currencyapp.backend.exception.SettingsNotFoundException: Settings not found. Please configure your settings first via POST /api/settings]
2026-04-20 15:12:06 [INFO] c.c.backend.service.RatesService - Settings not found when fetching latest rates
2026-04-20 15:12:06 [INFO] c.c.backend.service.RatesService - Settings not found when fetching latest rates
2026-04-20 15:12:06 [INFO] c.c.backend.service.RatesService - Settings not found when fetching latest rates
2026-04-20 15:12:06 [WARN] o.s.w.s.m.m.a.ExceptionHandlerExceptionResolver - Resolved [com.currencyapp.backend.exception.SettingsNotFoundException: Settings not found. Please configure your settings first via POST /api/settings]
2026-04-20 15:12:06 [WARN] o.s.w.s.m.m.a.ExceptionHandlerExceptionResolver - Resolved [com.currencyapp.backend.exception.SettingsNotFoundException: Settings not found. Please configure your settings first via POST /api/settings]
2026-04-20 15:12:06 [WARN] o.s.w.s.m.m.a.ExceptionHandlerExceptionResolver - Resolved [com.currencyapp.backend.exception.SettingsNotFoundException: Settings not found. Please configure your settings first via POST /api/settings]
2026-04-20 15:12:37 [INFO] c.c.backend.service.RatesService - Settings not found when fetching latest rates
2026-04-20 15:12:37 [INFO] c.c.backend.service.RatesService - Settings not found when fetching latest rates
2026-04-20 15:12:37 [INFO] c.c.backend.service.RatesService - Settings not found when fetching latest rates
2026-04-20 15:12:37 [WARN] o.s.w.s.m.m.a.ExceptionHandlerExceptionResolver - Resolved [com.currencyapp.backend.exception.SettingsNotFoundException: Settings not found. Please configure your settings first via POST /api/settings]
2026-04-20 15:12:37 [WARN] o.s.w.s.m.m.a.ExceptionHandlerExceptionResolver - Resolved [com.currencyapp.backend.exception.SettingsNotFoundException: Settings not found. Please configure your settings first via POST /api/settings]
2026-04-20 15:12:37 [WARN] o.s.w.s.m.m.a.ExceptionHandlerExceptionResolver - Resolved [com.currencyapp.backend.exception.SettingsNotFoundException: Settings not found. Please configure your settings first via POST /api/settings]
2026-04-20 15:12:37 [INFO] c.c.backend.service.RatesService - Settings not found when fetching latest rates
2026-04-20 15:12:37 [INFO] c.c.backend.service.RatesService - Settings not found when fetching latest rates
2026-04-20 15:12:37 [INFO] c.c.backend.service.RatesService - Settings not found when fetching latest rates
2026-04-20 15:12:37 [WARN] o.s.w.s.m.m.a.ExceptionHandlerExceptionResolver - Resolved [com.currencyapp.backend.exception.SettingsNotFoundException: Settings not found. Please configure your settings first via POST /api/settings]
2026-04-20 15:12:37 [WARN] o.s.w.s.m.m.a.ExceptionHandlerExceptionResolver - Resolved [com.currencyapp.backend.exception.SettingsNotFoundException: Settings not found. Please configure your settings first via POST /api/settings]
2026-04-20 15:12:37 [WARN] o.s.w.s.m.m.a.ExceptionHandlerExceptionResolver - Resolved [com.currencyapp.backend.exception.SettingsNotFoundException: Settings not found. Please configure your settings first via POST /api/settings]
2026-04-20 15:12:38 [INFO] c.c.backend.service.RatesService - Settings not found when fetching latest rates
2026-04-20 15:12:38 [INFO] c.c.backend.service.RatesService - Settings not found when fetching latest rates
2026-04-20 15:12:38 [WARN] o.s.w.s.m.m.a.ExceptionHandlerExceptionResolver - Resolved [com.currencyapp.backend.exception.SettingsNotFoundException: Settings not found. Please configure your settings first via POST /api/settings]
2026-04-20 15:12:38 [WARN] o.s.w.s.m.m.a.ExceptionHandlerExceptionResolver - Resolved [com.currencyapp.backend.exception.SettingsNotFoundException: Settings not found. Please configure your settings first via POST /api/settings]
2026-04-20 15:12:38 [INFO] c.c.backend.service.RatesService - Settings not found when fetching latest rates
2026-04-20 15:12:38 [WARN] o.s.w.s.m.m.a.ExceptionHandlerExceptionResolver - Resolved [com.currencyapp.backend.exception.SettingsNotFoundException: Settings not found. Please configure your settings first via POST /api/settings]
2026-04-20 15:12:38 [INFO] c.c.backend.service.RatesService - Settings not found when fetching latest rates
2026-04-20 15:12:38 [INFO] c.c.backend.service.RatesService - Settings not found when fetching latest rates
2026-04-20 15:12:38 [INFO] c.c.backend.service.RatesService - Settings not found when fetching latest rates
2026-04-20 15:12:38 [WARN] o.s.w.s.m.m.a.ExceptionHandlerExceptionResolver - Resolved [com.currencyapp.backend.exception.SettingsNotFoundException: Settings not found. Please configure your settings first via POST /api/settings]
2026-04-20 15:12:38 [WARN] o.s.w.s.m.m.a.ExceptionHandlerExceptionResolver - Resolved [com.currencyapp.backend.exception.SettingsNotFoundException: Settings not found. Please configure your settings first via POST /api/settings]
2026-04-20 15:12:38 [WARN] o.s.w.s.m.m.a.ExceptionHandlerExceptionResolver - Resolved [com.currencyapp.backend.exception.SettingsNotFoundException: Settings not found. Please configure your settings first via POST /api/settings]
2026-04-20 15:12:38 [INFO] c.c.backend.service.RatesService - Settings not found when fetching latest rates
2026-04-20 15:12:38 [INFO] c.c.backend.service.RatesService - Settings not found when fetching latest rates
2026-04-20 15:12:38 [INFO] c.c.backend.service.RatesService - Settings not found when fetching latest rates
2026-04-20 15:12:38 [WARN] o.s.w.s.m.m.a.ExceptionHandlerExceptionResolver - Resolved [com.currencyapp.backend.exception.SettingsNotFoundException: Settings not found. Please configure your settings first via POST /api/settings]
2026-04-20 15:12:38 [WARN] o.s.w.s.m.m.a.ExceptionHandlerExceptionResolver - Resolved [com.currencyapp.backend.exception.SettingsNotFoundException: Settings not found. Please configure your settings first via POST /api/settings]
2026-04-20 15:12:38 [WARN] o.s.w.s.m.m.a.ExceptionHandlerExceptionResolver - Resolved [com.currencyapp.backend.exception.SettingsNotFoundException: Settings not found. Please configure your settings first via POST /api/settings]
2026-04-20 15:12:49 [INFO] c.c.backend.service.RatesService - Settings not found when fetching latest rates
2026-04-20 15:12:49 [INFO] c.c.backend.service.RatesService - Settings not found when fetching latest rates
2026-04-20 15:12:49 [INFO] c.c.backend.service.RatesService - Settings not found when fetching latest rates
2026-04-20 15:12:49 [WARN] o.s.w.s.m.m.a.ExceptionHandlerExceptionResolver - Resolved [com.currencyapp.backend.exception.SettingsNotFoundException: Settings not found. Please configure your settings first via POST /api/settings]
2026-04-20 15:12:49 [WARN] o.s.w.s.m.m.a.ExceptionHandlerExceptionResolver - Resolved [com.currencyapp.backend.exception.SettingsNotFoundException: Settings not found. Please configure your settings first via POST /api/settings]
2026-04-20 15:12:49 [WARN] o.s.w.s.m.m.a.ExceptionHandlerExceptionResolver - Resolved [com.currencyapp.backend.exception.SettingsNotFoundException: Settings not found. Please configure your settings first via POST /api/settings]
2026-04-20 15:12:57 [INFO] c.c.backend.service.RatesService - Settings not found when fetching latest rates
2026-04-20 15:12:57 [INFO] c.c.backend.service.RatesService - Settings not found when fetching latest rates
2026-04-20 15:12:57 [INFO] c.c.backend.service.RatesService - Settings not found when fetching latest rates
2026-04-20 15:12:57 [WARN] o.s.w.s.m.m.a.ExceptionHandlerExceptionResolver - Resolved [com.currencyapp.backend.exception.SettingsNotFoundException: Settings not found. Please configure your settings first via POST /api/settings]
2026-04-20 15:12:57 [WARN] o.s.w.s.m.m.a.ExceptionHandlerExceptionResolver - Resolved [com.currencyapp.backend.exception.SettingsNotFoundException: Settings not found. Please configure your settings first via POST /api/settings]
2026-04-20 15:12:57 [WARN] o.s.w.s.m.m.a.ExceptionHandlerExceptionResolver - Resolved [com.currencyapp.backend.exception.SettingsNotFoundException: Settings not found. Please configure your settings first via POST /api/settings]
2026-04-20 15:16:26 [INFO] o.s.b.d.a.LocalDevToolsAutoConfiguration$RestartingClassPathChangeChangedEventListener - Restarting due to 1 class path change (1 addition, 0 deletions, 0 modifications)
2026-04-20 15:16:26 [INFO] o.s.boot.tomcat.GracefulShutdown - Commencing graceful shutdown. Waiting for active requests to complete
2026-04-20 15:16:26 [INFO] o.s.boot.tomcat.GracefulShutdown - Graceful shutdown complete
2026-04-20 15:16:26 [INFO] c.c.backend.BackendApplication - Starting BackendApplication using Java 21.0.10 with PID 23172 (C:\Users\vacla\OneDrive\Dokumenty\StinProjekt\backend\target\classes started by vacla in C:\Users\vacla\OneDrive\Dokumenty\StinProjekt\backend)
2026-04-20 15:16:26 [DEBUG] c.c.backend.BackendApplication - Running with Spring Boot v4.0.5, Spring v7.0.6
2026-04-20 15:16:26 [INFO] c.c.backend.BackendApplication - No active profile set, falling back to 1 default profile: "default"
2026-04-20 15:16:27 [INFO] o.s.boot.tomcat.TomcatWebServer - Tomcat initialized with port 8080 (http)
2026-04-20 15:16:27 [INFO] o.a.catalina.core.StandardService - Starting service [Tomcat]
2026-04-20 15:16:27 [INFO] o.a.catalina.core.StandardEngine - Starting Servlet engine: [Apache Tomcat/11.0.20]
2026-04-20 15:16:27 [INFO] o.s.b.w.c.s.WebApplicationContextInitializer - Root WebApplicationContext: initialization completed in 646 ms
2026-04-20 15:16:27 [INFO] o.s.s.c.a.a.c.InitializeUserDetailsBeanManagerConfigurer$InitializeUserDetailsManagerConfigurer - Global AuthenticationManager configured with UserDetailsService bean with name inMemoryUserDetailsManager
2026-04-20 15:16:27 [INFO] o.s.b.w.a.WelcomePageHandlerMapping - Adding welcome page: class path resource [static/index.html]
2026-04-20 15:16:27 [INFO] o.s.b.a.e.web.EndpointLinksResolver - Exposing 1 endpoint beneath base path '/actuator'
2026-04-20 15:16:27 [INFO] o.s.boot.tomcat.TomcatWebServer - Tomcat started on port 8080 (http) with context path '/'
2026-04-20 15:16:27 [INFO] c.c.backend.BackendApplication - Started BackendApplication in 1.313 seconds (process running for 306.714)
2026-04-20 15:16:27 [INFO] o.s.b.d.a.ConditionEvaluationDeltaLoggingListener - Condition evaluation unchanged
2026-04-20 15:16:31 [INFO] o.s.b.d.a.LocalDevToolsAutoConfiguration$RestartingClassPathChangeChangedEventListener - Restarting due to 1 class path change (0 additions, 1 deletion, 0 modifications)
2026-04-20 15:16:31 [INFO] o.s.boot.tomcat.GracefulShutdown - Commencing graceful shutdown. Waiting for active requests to complete
2026-04-20 15:16:31 [INFO] o.s.boot.tomcat.GracefulShutdown - Graceful shutdown complete
2026-04-20 15:16:31 [INFO] c.c.backend.BackendApplication - Starting BackendApplication using Java 21.0.10 with PID 23172 (C:\Users\vacla\OneDrive\Dokumenty\StinProjekt\backend\target\classes started by vacla in C:\Users\vacla\OneDrive\Dokumenty\StinProjekt\backend)
2026-04-20 15:16:31 [DEBUG] c.c.backend.BackendApplication - Running with Spring Boot v4.0.5, Spring v7.0.6
2026-04-20 15:16:31 [INFO] c.c.backend.BackendApplication - No active profile set, falling back to 1 default profile: "default"
2026-04-20 15:16:31 [INFO] o.s.boot.tomcat.TomcatWebServer - Tomcat initialized with port 8080 (http)
2026-04-20 15:16:31 [INFO] o.a.catalina.core.StandardService - Starting service [Tomcat]
2026-04-20 15:16:31 [INFO] o.a.catalina.core.StandardEngine - Starting Servlet engine: [Apache Tomcat/11.0.20]
2026-04-20 15:16:31 [INFO] o.s.b.w.c.s.WebApplicationContextInitializer - Root WebApplicationContext: initialization completed in 477 ms
2026-04-20 15:16:31 [INFO] o.s.s.c.a.a.c.InitializeUserDetailsBeanManagerConfigurer$InitializeUserDetailsManagerConfigurer - Global AuthenticationManager configured with UserDetailsService bean with name inMemoryUserDetailsManager
2026-04-20 15:16:31 [INFO] o.s.b.w.a.WelcomePageHandlerMapping - Adding welcome page: class path resource [static/index.html]
2026-04-20 15:16:32 [INFO] o.s.b.a.e.web.EndpointLinksResolver - Exposing 1 endpoint beneath base path '/actuator'
2026-04-20 15:16:32 [INFO] o.s.boot.tomcat.TomcatWebServer - Tomcat started on port 8080 (http) with context path '/'
2026-04-20 15:16:32 [INFO] c.c.backend.BackendApplication - Started BackendApplication in 0.824 seconds (process running for 311.043)
2026-04-20 15:16:32 [INFO] o.s.b.d.a.ConditionEvaluationDeltaLoggingListener - Condition evaluation unchanged
2026-04-20 15:16:48 [INFO] o.a.c.c.C.[Tomcat].[localhost].[/] - Initializing Spring DispatcherServlet 'dispatcherServlet'
2026-04-20 15:16:48 [INFO] o.s.web.servlet.DispatcherServlet - Initializing Servlet 'dispatcherServlet'
2026-04-20 15:16:48 [INFO] o.s.web.servlet.DispatcherServlet - Completed initialization in 1 ms
2026-04-20 15:16:48 [INFO] c.c.backend.service.RatesService - Settings not found when fetching latest rates
2026-04-20 15:16:48 [INFO] c.c.backend.service.RatesService - Settings not found when fetching latest rates
2026-04-20 15:16:48 [INFO] c.c.backend.service.RatesService - Settings not found when fetching latest rates
2026-04-20 15:16:48 [WARN] o.s.w.s.m.m.a.ExceptionHandlerExceptionResolver - Resolved [com.currencyapp.backend.exception.SettingsNotFoundException: Settings not found. Please configure your settings first via POST /api/settings]
2026-04-20 15:16:48 [WARN] o.s.w.s.m.m.a.ExceptionHandlerExceptionResolver - Resolved [com.currencyapp.backend.exception.SettingsNotFoundException: Settings not found. Please configure your settings first via POST /api/settings]
2026-04-20 15:16:48 [WARN] o.s.w.s.m.m.a.ExceptionHandlerExceptionResolver - Resolved [com.currencyapp.backend.exception.SettingsNotFoundException: Settings not found. Please configure your settings first via POST /api/settings]
2026-04-20 15:16:52 [INFO] c.c.backend.service.RatesService - Settings not found when fetching latest rates
2026-04-20 15:16:52 [INFO] c.c.backend.service.RatesService - Settings not found when fetching latest rates
2026-04-20 15:16:52 [INFO] c.c.backend.service.RatesService - Settings not found when fetching latest rates
2026-04-20 15:16:52 [WARN] o.s.w.s.m.m.a.ExceptionHandlerExceptionResolver - Resolved [com.currencyapp.backend.exception.SettingsNotFoundException: Settings not found. Please configure your settings first via POST /api/settings]
2026-04-20 15:16:52 [WARN] o.s.w.s.m.m.a.ExceptionHandlerExceptionResolver - Resolved [com.currencyapp.backend.exception.SettingsNotFoundException: Settings not found. Please configure your settings first via POST /api/settings]
2026-04-20 15:16:52 [WARN] o.s.w.s.m.m.a.ExceptionHandlerExceptionResolver - Resolved [com.currencyapp.backend.exception.SettingsNotFoundException: Settings not found. Please configure your settings first via POST /api/settings]
2026-04-20 15:16:53 [INFO] c.c.backend.service.RatesService - Settings not found when fetching latest rates
2026-04-20 15:16:53 [INFO] c.c.backend.service.RatesService - Settings not found when fetching latest rates
2026-04-20 15:16:53 [INFO] c.c.backend.service.RatesService - Settings not found when fetching latest rates
2026-04-20 15:16:53 [WARN] o.s.w.s.m.m.a.ExceptionHandlerExceptionResolver - Resolved [com.currencyapp.backend.exception.SettingsNotFoundException: Settings not found. Please configure your settings first via POST /api/settings]
2026-04-20 15:16:53 [WARN] o.s.w.s.m.m.a.ExceptionHandlerExceptionResolver - Resolved [com.currencyapp.backend.exception.SettingsNotFoundException: Settings not found. Please configure your settings first via POST /api/settings]
2026-04-20 15:16:53 [WARN] o.s.w.s.m.m.a.ExceptionHandlerExceptionResolver - Resolved [com.currencyapp.backend.exception.SettingsNotFoundException: Settings not found. Please configure your settings first via POST /api/settings]
2026-04-20 15:17:00 [INFO] c.c.backend.BackendApplication - Starting BackendApplication using Java 21.0.10 with PID 18468 (C:\Users\vacla\OneDrive\Dokumenty\StinProjekt\backend\target\classes started by vacla in C:\Users\vacla\OneDrive\Dokumenty\StinProjekt\backend)
2026-04-20 15:17:00 [DEBUG] c.c.backend.BackendApplication - Running with Spring Boot v4.0.5, Spring v7.0.6
2026-04-20 15:17:01 [INFO] c.c.backend.BackendApplication - No active profile set, falling back to 1 default profile: "default"
2026-04-20 15:17:01 [INFO] o.s.b.d.e.DevToolsPropertyDefaultsPostProcessor - Devtools property defaults active! Set 'spring.devtools.add-properties' to 'false' to disable
2026-04-20 15:17:01 [INFO] o.s.b.d.e.DevToolsPropertyDefaultsPostProcessor - For additional web related logging consider setting the 'logging.level.web' property to 'DEBUG'
2026-04-20 15:17:03 [INFO] o.s.boot.tomcat.TomcatWebServer - Tomcat initialized with port 8080 (http)
2026-04-20 15:17:03 [INFO] o.a.catalina.core.StandardService - Starting service [Tomcat]
2026-04-20 15:17:03 [INFO] o.a.catalina.core.StandardEngine - Starting Servlet engine: [Apache Tomcat/11.0.20]
2026-04-20 15:17:03 [INFO] o.s.b.w.c.s.WebApplicationContextInitializer - Root WebApplicationContext: initialization completed in 2213 ms
2026-04-20 15:17:03 [INFO] c.c.b.repository.SettingsRepository - Settings loaded from file: ./settings.json
2026-04-20 15:17:04 [INFO] o.s.s.c.a.a.c.InitializeUserDetailsBeanManagerConfigurer$InitializeUserDetailsManagerConfigurer - Global AuthenticationManager configured with UserDetailsService bean with name inMemoryUserDetailsManager
2026-04-20 15:17:04 [INFO] o.s.b.w.a.WelcomePageHandlerMapping - Adding welcome page: class path resource [static/index.html]
2026-04-20 15:17:05 [INFO] o.s.b.a.e.web.EndpointLinksResolver - Exposing 1 endpoint beneath base path '/actuator'
2026-04-20 15:17:05 [INFO] o.s.boot.tomcat.TomcatWebServer - Tomcat started on port 8080 (http) with context path '/'
2026-04-20 15:17:05 [INFO] c.c.backend.BackendApplication - Started BackendApplication in 4.832 seconds (process running for 5.896)
2026-04-20 15:17:06 [INFO] o.a.c.c.C.[Tomcat].[localhost].[/] - Initializing Spring DispatcherServlet 'dispatcherServlet'
2026-04-20 15:17:06 [INFO] o.s.web.servlet.DispatcherServlet - Initializing Servlet 'dispatcherServlet'
2026-04-20 15:17:06 [INFO] o.s.web.servlet.DispatcherServlet - Completed initialization in 2 ms
2026-04-20 15:17:15 [INFO] c.c.backend.service.RatesService - Fetching latest rates for CZK
2026-04-20 15:17:15 [INFO] c.c.backend.service.RatesService - Fetching latest rates for CZK
2026-04-20 15:17:15 [INFO] c.c.backend.service.RatesService - Fetching latest rates for CZK
2026-04-20 15:18:13 [INFO] c.c.backend.service.RatesService - Fetching latest rates for CZK
2026-04-20 15:18:13 [INFO] c.c.backend.service.RatesService - Fetching latest rates for CZK
2026-04-20 15:18:13 [INFO] c.c.backend.service.RatesService - Fetching latest rates for CZK
2026-04-20 15:22:04 [INFO] o.s.b.d.a.LocalDevToolsAutoConfiguration$RestartingClassPathChangeChangedEventListener - Restarting due to 1 class path change (0 additions, 0 deletions, 1 modification)
2026-04-20 15:22:04 [INFO] o.s.boot.tomcat.GracefulShutdown - Commencing graceful shutdown. Waiting for active requests to complete
2026-04-20 15:22:04 [INFO] o.s.boot.tomcat.GracefulShutdown - Graceful shutdown complete
2026-04-20 15:22:04 [INFO] c.c.backend.BackendApplication - Starting BackendApplication using Java 21.0.10 with PID 18468 (C:\Users\vacla\OneDrive\Dokumenty\StinProjekt\backend\target\classes started by vacla in C:\Users\vacla\OneDrive\Dokumenty\StinProjekt\backend)
2026-04-20 15:22:04 [DEBUG] c.c.backend.BackendApplication - Running with Spring Boot v4.0.5, Spring v7.0.6
2026-04-20 15:22:04 [INFO] c.c.backend.BackendApplication - No active profile set, falling back to 1 default profile: "default"
2026-04-20 15:22:06 [INFO] o.s.boot.tomcat.TomcatWebServer - Tomcat initialized with port 8080 (http)
2026-04-20 15:22:06 [INFO] o.a.catalina.core.StandardService - Starting service [Tomcat]
2026-04-20 15:22:06 [INFO] o.a.catalina.core.StandardEngine - Starting Servlet engine: [Apache Tomcat/11.0.20]
2026-04-20 15:22:06 [INFO] o.s.b.w.c.s.WebApplicationContextInitializer - Root WebApplicationContext: initialization completed in 2129 ms
2026-04-20 15:22:06 [INFO] c.c.b.repository.SettingsRepository - Settings loaded from file: ./settings.json
2026-04-20 15:22:07 [INFO] o.s.s.c.a.a.c.InitializeUserDetailsBeanManagerConfigurer$InitializeUserDetailsManagerConfigurer - Global AuthenticationManager configured with UserDetailsService bean with name inMemoryUserDetailsManager
2026-04-20 15:22:07 [INFO] o.s.b.w.a.WelcomePageHandlerMapping - Adding welcome page: class path resource [static/index.html]
2026-04-20 15:22:07 [INFO] o.s.b.a.e.web.EndpointLinksResolver - Exposing 1 endpoint beneath base path '/actuator'
2026-04-20 15:22:07 [INFO] o.s.boot.tomcat.TomcatWebServer - Tomcat started on port 8080 (http) with context path '/'
2026-04-20 15:22:07 [INFO] c.c.backend.BackendApplication - Started BackendApplication in 2.923 seconds (process running for 308.127)
2026-04-20 15:22:07 [INFO] o.s.b.d.a.ConditionEvaluationDeltaLoggingListener - Condition evaluation unchanged
2026-04-20 15:22:48 [INFO] o.s.b.d.a.LocalDevToolsAutoConfiguration$RestartingClassPathChangeChangedEventListener - Restarting due to 2 class path changes (0 additions, 0 deletions, 2 modifications)
2026-04-20 15:22:48 [INFO] o.s.boot.tomcat.GracefulShutdown - Commencing graceful shutdown. Waiting for active requests to complete
2026-04-20 15:22:48 [INFO] o.s.boot.tomcat.GracefulShutdown - Graceful shutdown complete
2026-04-20 15:22:48 [INFO] c.c.backend.BackendApplication - Starting BackendApplication using Java 21.0.10 with PID 18468 (C:\Users\vacla\OneDrive\Dokumenty\StinProjekt\backend\target\classes started by vacla in C:\Users\vacla\OneDrive\Dokumenty\StinProjekt\backend)
2026-04-20 15:22:48 [DEBUG] c.c.backend.BackendApplication - Running with Spring Boot v4.0.5, Spring v7.0.6
2026-04-20 15:22:48 [INFO] c.c.backend.BackendApplication - No active profile set, falling back to 1 default profile: "default"
2026-04-20 15:22:49 [INFO] o.s.boot.tomcat.TomcatWebServer - Tomcat initialized with port 8080 (http)
2026-04-20 15:22:49 [INFO] o.a.catalina.core.StandardService - Starting service [Tomcat]
2026-04-20 15:22:49 [INFO] o.a.catalina.core.StandardEngine - Starting Servlet engine: [Apache Tomcat/11.0.20]
2026-04-20 15:22:49 [INFO] o.s.b.w.c.s.WebApplicationContextInitializer - Root WebApplicationContext: initialization completed in 1557 ms
2026-04-20 15:22:49 [INFO] c.c.b.repository.SettingsRepository - Settings loaded from file: ./settings.json
2026-04-20 15:22:50 [INFO] o.s.s.c.a.a.c.InitializeUserDetailsBeanManagerConfigurer$InitializeUserDetailsManagerConfigurer - Global AuthenticationManager configured with UserDetailsService bean with name inMemoryUserDetailsManager
2026-04-20 15:22:50 [INFO] o.s.b.w.a.WelcomePageHandlerMapping - Adding welcome page: class path resource [static/index.html]
2026-04-20 15:22:51 [INFO] o.s.b.a.e.web.EndpointLinksResolver - Exposing 1 endpoint beneath base path '/actuator'
2026-04-20 15:22:51 [INFO] o.s.boot.tomcat.TomcatWebServer - Tomcat started on port 8080 (http) with context path '/'
2026-04-20 15:22:51 [INFO] c.c.backend.BackendApplication - Started BackendApplication in 2.939 seconds (process running for 351.908)
2026-04-20 15:22:51 [INFO] o.s.b.d.a.ConditionEvaluationDeltaLoggingListener - Condition evaluation unchanged
2026-04-20 15:22:52 [INFO] o.s.b.d.a.LocalDevToolsAutoConfiguration$RestartingClassPathChangeChangedEventListener - Restarting due to 1 class path change (0 additions, 0 deletions, 1 modification)
2026-04-20 15:22:52 [INFO] o.s.boot.tomcat.GracefulShutdown - Commencing graceful shutdown. Waiting for active requests to complete
2026-04-20 15:22:52 [INFO] o.s.boot.tomcat.GracefulShutdown - Graceful shutdown complete
2026-04-20 15:22:52 [INFO] c.c.backend.BackendApplication - Starting BackendApplication using Java 21.0.10 with PID 18468 (C:\Users\vacla\OneDrive\Dokumenty\StinProjekt\backend\target\classes started by vacla in C:\Users\vacla\OneDrive\Dokumenty\StinProjekt\backend)
2026-04-20 15:22:52 [DEBUG] c.c.backend.BackendApplication - Running with Spring Boot v4.0.5, Spring v7.0.6
2026-04-20 15:22:52 [INFO] c.c.backend.BackendApplication - No active profile set, falling back to 1 default profile: "default"
2026-04-20 15:22:53 [INFO] o.s.boot.tomcat.TomcatWebServer - Tomcat initialized with port 8080 (http)
2026-04-20 15:22:53 [INFO] o.a.catalina.core.StandardService - Starting service [Tomcat]
2026-04-20 15:22:53 [INFO] o.a.catalina.core.StandardEngine - Starting Servlet engine: [Apache Tomcat/11.0.20]
2026-04-20 15:22:53 [INFO] o.s.b.w.c.s.WebApplicationContextInitializer - Root WebApplicationContext: initialization completed in 592 ms
2026-04-20 15:22:53 [INFO] c.c.b.repository.SettingsRepository - Settings loaded from file: ./settings.json
2026-04-20 15:22:53 [INFO] o.s.s.c.a.a.c.InitializeUserDetailsBeanManagerConfigurer$InitializeUserDetailsManagerConfigurer - Global AuthenticationManager configured with UserDetailsService bean with name inMemoryUserDetailsManager
2026-04-20 15:22:53 [INFO] o.s.b.w.a.WelcomePageHandlerMapping - Adding welcome page: class path resource [static/index.html]
2026-04-20 15:22:53 [INFO] o.s.b.a.e.web.EndpointLinksResolver - Exposing 1 endpoint beneath base path '/actuator'
2026-04-20 15:22:53 [INFO] o.s.boot.tomcat.TomcatWebServer - Tomcat started on port 8080 (http) with context path '/'
2026-04-20 15:22:53 [INFO] c.c.backend.BackendApplication - Started BackendApplication in 0.893 seconds (process running for 354.182)
2026-04-20 15:22:53 [INFO] o.s.b.d.a.ConditionEvaluationDeltaLoggingListener - Condition evaluation unchanged
2026-04-20 15:22:53 [INFO] o.a.c.c.C.[Tomcat].[localhost].[/] - Initializing Spring DispatcherServlet 'dispatcherServlet'
2026-04-20 15:22:53 [INFO] o.s.web.servlet.DispatcherServlet - Initializing Servlet 'dispatcherServlet'
2026-04-20 15:22:53 [INFO] o.s.web.servlet.DispatcherServlet - Completed initialization in 2 ms
2026-04-20 15:22:53 [INFO] c.c.backend.service.RatesService - Fetching latest rates for CZK
2026-04-20 15:22:53 [INFO] c.c.backend.service.RatesService - Fetching latest rates for CZK
2026-04-20 15:22:53 [INFO] c.c.backend.service.RatesService - Fetching latest rates for CZK
